# JRE version: Java(TM) SE Runtime Environment (17.0.9+11) (build 17.0.9+11-LTS-201)
# Java VM: Java HotSpot(TM) 64-Bit Server VM (17.0.9+11-LTS-201, mixed mode, sharing, tiered, compressed oops, compressed class ptrs, g1 gc, windows-amd64)
GC Precious Log:
 CPUs: 8 total, 8 available
 Memory: 12119M
 Large Page Support: Disabled
 NUMA Support: Disabled
 Compressed Oops: Enabled (32-bit)
 Heap Region Size: 1M
 Heap Min Capacity: 8M
 Heap Initial Capacity: 190M
 Heap Max Capacity: 2G
 Pre-touch: Disabled
 Parallel Workers: 8
 Concurrent Workers: 2
 Concurrent Refinement Workers: 8
 Periodic GC: Disabled
Heap:
 garbage-first heap   total 378880K, used 322608K [0x0000000080000000, 0x0000000100000000)
  region size 1024K, 8 young (8192K), 2 survivors (2048K)
 Metaspace       used 117192K, committed 118784K, reserved 557056K
  class space    used 16139K, committed 16832K, reserved 425984K
GC Heap History (20 events):
Event: 157.270 GC heap before
{Heap before GC invocations=80 (full 0):
 garbage-first heap   total 378880K, used 328544K [0x0000000080000000, 0x0000000100000000)
  region size 1024K, 56 young (57344K), 8 survivors (8192K)
 Metaspace       used 106336K, committed 107968K, reserved 557056K
  class space    used 14871K, committed 15616K, reserved 425984K
}
Event: 157.283 GC heap after
{Heap after GC invocations=81 (full 0):
 garbage-first heap   total 378880K, used 277220K [0x0000000080000000, 0x0000000100000000)
  region size 1024K, 7 young (7168K), 7 survivors (7168K)
 Metaspace       used 106336K, committed 107968K, reserved 557056K
  class space    used 14871K, committed 15616K, reserved 425984K
}
Event: 157.941 GC heap before
{Heap before GC invocations=81 (full 0):
 garbage-first heap   total 378880K, used 325348K [0x0000000080000000, 0x0000000100000000)
  region size 1024K, 51 young (52224K), 7 survivors (7168K)
 Metaspace       used 106484K, committed 108096K, reserved 557056K
  class space    used 14891K, committed 15616K, reserved 425984K
}
Event: 157.950 GC heap after
{Heap after GC invocations=82 (full 0):
 garbage-first heap   total 378880K, used 280168K [0x0000000080000000, 0x0000000100000000)
  region size 1024K, 6 young (6144K), 6 survivors (6144K)
 Metaspace       used 106484K, committed 108096K, reserved 557056K
  class space    used 14891K, committed 15616K, reserved 425984K
}
Event: 159.083 GC heap before
{Heap before GC invocations=82 (full 0):
 garbage-first heap   total 378880K, used 327272K [0x0000000080000000, 0x0000000100000000)
  region size 1024K, 49 young (50176K), 6 survivors (6144K)
 Metaspace       used 106592K, committed 108288K, reserved 557056K
  class space    used 14902K, committed 15680K, reserved 425984K
}
Event: 159.093 GC heap after
{Heap after GC invocations=83 (full 0):
 garbage-first heap   total 378880K, used 285295K [0x0000000080000000, 0x0000000100000000)
  region size 1024K, 7 young (7168K), 7 survivors (7168K)
 Metaspace       used 106592K, committed 108288K, reserved 557056K
  class space    used 14902K, committed 15680K, reserved 425984K
}
Event: 160.955 GC heap before
{Heap before GC invocations=83 (full 0):
 garbage-first heap   total 378880K, used 330351K [0x0000000080000000, 0x0000000100000000)
  region size 1024K, 45 young (46080K), 7 survivors (7168K)
 Metaspace       used 109174K, committed 110784K, reserved 557056K
  class space    used 15192K, committed 15936K, reserved 425984K
}
Event: 160.966 GC heap after
{Heap after GC invocations=84 (full 0):
 garbage-first heap   total 378880K, used 288047K [0x0000000080000000, 0x0000000100000000)
  region size 1024K, 5 young (5120K), 5 survivors (5120K)
 Metaspace       used 109174K, committed 110784K, reserved 557056K
  class space    used 15192K, committed 15936K, reserved 425984K
}
Event: 163.410 GC heap before
{Heap before GC invocations=84 (full 0):
 garbage-first heap   total 378880K, used 329007K [0x0000000080000000, 0x0000000100000000)
  region size 1024K, 42 young (43008K), 5 survivors (5120K)
 Metaspace       used 116197K, committed 117824K, reserved 557056K
  class space    used 16017K, committed 16768K, reserved 425984K
}
Event: 163.422 GC heap after
{Heap after GC invocations=85 (full 0):
 garbage-first heap   total 378880K, used 300251K [0x0000000080000000, 0x0000000100000000)
  region size 1024K, 6 young (6144K), 6 survivors (6144K)
 Metaspace       used 116197K, committed 117824K, reserved 557056K
  class space    used 16017K, committed 16768K, reserved 425984K
}
Event: 164.450 GC heap before
{Heap before GC invocations=85 (full 0):
 garbage-first heap   total 378880K, used 324827K [0x0000000080000000, 0x0000000100000000)
  region size 1024K, 31 young (31744K), 6 survivors (6144K)
 Metaspace       used 116754K, committed 118400K, reserved 557056K
  class space    used 16067K, committed 16768K, reserved 425984K
}
Event: 164.462 GC heap after
{Heap after GC invocations=86 (full 0):
 garbage-first heap   total 378880K, used 301050K [0x0000000080000000, 0x0000000100000000)
  region size 1024K, 4 young (4096K), 4 survivors (4096K)
 Metaspace       used 116754K, committed 118400K, reserved 557056K
  class space    used 16067K, committed 16768K, reserved 425984K
}
Event: 166.157 GC heap before
{Heap before GC invocations=86 (full 0):
 garbage-first heap   total 378880K, used 326650K [0x0000000080000000, 0x0000000100000000)
  region size 1024K, 29 young (29696K), 4 survivors (4096K)
 Metaspace       used 116950K, committed 118592K, reserved 557056K
  class space    used 16101K, committed 16832K, reserved 425984K
}
Event: 166.168 GC heap after
{Heap after GC invocations=87 (full 0):
 garbage-first heap   total 378880K, used 306826K [0x0000000080000000, 0x0000000100000000)
  region size 1024K, 4 young (4096K), 4 survivors (4096K)
 Metaspace       used 116950K, committed 118592K, reserved 557056K
  class space    used 16101K, committed 16832K, reserved 425984K
}
Event: 167.096 GC heap before
{Heap before GC invocations=87 (full 0):
 garbage-first heap   total 378880K, used 328330K [0x0000000080000000, 0x0000000100000000)
  region size 1024K, 25 young (25600K), 4 survivors (4096K)
 Metaspace       used 116982K, committed 118592K, reserved 557056K
  class space    used 16103K, committed 16832K, reserved 425984K
}
Event: 167.105 GC heap after
{Heap after GC invocations=88 (full 0):
 garbage-first heap   total 378880K, used 310135K [0x0000000080000000, 0x0000000100000000)
  region size 1024K, 4 young (4096K), 4 survivors (4096K)
 Metaspace       used 116982K, committed 118592K, reserved 557056K
  class space    used 16103K, committed 16832K, reserved 425984K
}
Event: 169.338 GC heap before
{Heap before GC invocations=88 (full 0):
 garbage-first heap   total 378880K, used 332663K [0x0000000080000000, 0x0000000100000000)
  region size 1024K, 23 young (23552K), 4 survivors (4096K)
 Metaspace       used 117052K, committed 118656K, reserved 557056K
  class space    used 16110K, committed 16832K, reserved 425984K
}
Event: 169.344 GC heap after
{Heap after GC invocations=89 (full 0):
 garbage-first heap   total 378880K, used 312532K [0x0000000080000000, 0x0000000100000000)
  region size 1024K, 3 young (3072K), 3 survivors (3072K)
 Metaspace       used 117052K, committed 118656K, reserved 557056K
  class space    used 16110K, committed 16832K, reserved 425984K
}
Event: 169.720 GC heap before
{Heap before GC invocations=89 (full 0):
 garbage-first heap   total 378880K, used 328916K [0x0000000080000000, 0x0000000100000000)
  region size 1024K, 20 young (20480K), 3 survivors (3072K)
 Metaspace       used 117100K, committed 118720K, reserved 557056K
  class space    used 16120K, committed 16832K, reserved 425984K
}
Event: 169.726 GC heap after
{Heap after GC invocations=90 (full 0):
 garbage-first heap   total 378880K, used 314416K [0x0000000080000000, 0x0000000100000000)
  region size 1024K, 2 young (2048K), 2 survivors (2048K)
 Metaspace       used 117100K, committed 118720K, reserved 557056K
  class space    used 16120K, committed 16832K, reserved 425984K
}

